0 info it worked if it ends with ok
1 verbose cli [ '/home/mrhz/.nvm/versions/node/v6.12.0/bin/node',
1 verbose cli   '/home/mrhz/.nvm/versions/node/v6.12.0/bin/npm',
1 verbose cli   'run',
1 verbose cli   'test' ]
2 info using npm@3.10.10
3 info using node@v6.12.0
4 verbose run-script [ 'pretest', 'test', 'posttest' ]
5 info lifecycle hzverse-db@1.0.0~pretest: hzverse-db@1.0.0
6 silly lifecycle hzverse-db@1.0.0~pretest: no script for pretest, continuing
7 info lifecycle hzverse-db@1.0.0~test: hzverse-db@1.0.0
8 verbose lifecycle hzverse-db@1.0.0~test: unsafe-perm in lifecycle true
9 verbose lifecycle hzverse-db@1.0.0~test: PATH: /home/mrhz/.nvm/versions/node/v6.12.0/lib/node_modules/npm/bin/node-gyp-bin:/home/mrhz/Documents/node/hzverse/hzverse-db/node_modules/.bin:/home/mrhz/.nvm/versions/node/v6.12.0/bin:/home/mrhz/bin:/home/mrhz/.local/bin:/usr/local/sbin:/usr/local/bin:/usr/sbin:/usr/bin:/sbin:/bin:/usr/games:/usr/local/games:/snap/bin
10 verbose lifecycle hzverse-db@1.0.0~test: CWD: /home/mrhz/Documents/node/hzverse/hzverse-db
11 silly lifecycle hzverse-db@1.0.0~test: Args: [ '-c', 'DEBUG=hzverse:* nyc ava tests/ --verbose' ]
12 silly lifecycle hzverse-db@1.0.0~test: Returned: code: 1  signal: null
13 info lifecycle hzverse-db@1.0.0~test: Failed to exec test script
14 verbose stack Error: hzverse-db@1.0.0 test: `DEBUG=hzverse:* nyc ava tests/ --verbose`
14 verbose stack Exit status 1
14 verbose stack     at EventEmitter.<anonymous> (/home/mrhz/.nvm/versions/node/v6.12.0/lib/node_modules/npm/lib/utils/lifecycle.js:255:16)
14 verbose stack     at emitTwo (events.js:106:13)
14 verbose stack     at EventEmitter.emit (events.js:191:7)
14 verbose stack     at ChildProcess.<anonymous> (/home/mrhz/.nvm/versions/node/v6.12.0/lib/node_modules/npm/lib/utils/spawn.js:40:14)
14 verbose stack     at emitTwo (events.js:106:13)
14 verbose stack     at ChildProcess.emit (events.js:191:7)
14 verbose stack     at maybeClose (internal/child_process.js:920:16)
14 verbose stack     at Process.ChildProcess._handle.onexit (internal/child_process.js:230:5)
15 verbose pkgid hzverse-db@1.0.0
16 verbose cwd /home/mrhz/Documents/node/hzverse/hzverse-db
17 error Linux 4.10.0-42-generic
18 error argv "/home/mrhz/.nvm/versions/node/v6.12.0/bin/node" "/home/mrhz/.nvm/versions/node/v6.12.0/bin/npm" "run" "test"
19 error node v6.12.0
20 error npm  v3.10.10
21 error code ELIFECYCLE
22 error hzverse-db@1.0.0 test: `DEBUG=hzverse:* nyc ava tests/ --verbose`
22 error Exit status 1
23 error Failed at the hzverse-db@1.0.0 test script 'DEBUG=hzverse:* nyc ava tests/ --verbose'.
23 error Make sure you have the latest version of node.js and npm installed.
23 error If you do, this is most likely a problem with the hzverse-db package,
23 error not with npm itself.
23 error Tell the author that this fails on your system:
23 error     DEBUG=hzverse:* nyc ava tests/ --verbose
23 error You can get information on how to open an issue for this project with:
23 error     npm bugs hzverse-db
23 error Or if that isn't available, you can get their info via:
23 error     npm owner ls hzverse-db
23 error There is likely additional logging output above.
24 verbose exit [ 1, true ]
